Arguments: 
  /usr/local/bin/node /usr/local/bin/yarn

PATH: 
  /home/nick/Desktop/projects/personal/nugs-net6/node_modules/.bin:/snapshot/dist/node-gyp-bin:/home/nick/Desktop/projects/personal/nugs-net6/node_modules/.bin:/home/nick/.local/share/pnpm:/home/nick/.local/bin:/home/nick/.local/bin:/usr/local/sbin:/usr/local/bin:/usr/sbin:/usr/bin:/sbin:/bin:/usr/games:/usr/local/games:/snap/bin:/snap/bin:/home/nick/.dotnet/tools:/home/nick/.dotnet/tools

Yarn version: 
  1.22.19

Node version: 
  16.13.0

Platform: 
  linux x64

Trace: 
  Error: https://registry.npmjs.org/razorify: Not found
      at Request.params.callback [as _callback] (/usr/local/lib/node_modules/yarn/lib/cli.js:66145:18)
      at Request.self.callback (/usr/local/lib/node_modules/yarn/lib/cli.js:140890:22)
      at Request.emit (node:events:390:28)
      at Request.<anonymous> (/usr/local/lib/node_modules/yarn/lib/cli.js:141862:10)
      at Request.emit (node:events:390:28)
      at IncomingMessage.<anonymous> (/usr/local/lib/node_modules/yarn/lib/cli.js:141784:12)
      at Object.onceWrapper (node:events:509:28)
      at IncomingMessage.emit (node:events:402:35)
      at endReadableNT (node:internal/streams/readable:1343:12)
      at processTicksAndRejections (node:internal/process/task_queues:83:21)

npm manifest: 
  {
    "scripts": {
      "dev": "dotnet watch run --launch-profile hotreloadprofile",
      "build": "node wwwroot/js/routes.js && yarn && npm i && dotnet build -v q",
      "restore": "dotnet restore",
      "buildcss:dev": "cross-env TAILWIND_MODE=build postcss ./Styles/app.css -o ./wwwroot/css/app.css",
      "buildcss:release": "cross-env NODE_ENV=production postcss ./Styles/app.css -o ./wwwroot/css/app.css",
      "buildcss:linux": "npx tailwindcss -i ./Styles/app.css -o ./wwwroot/css/site.css",
      "electron": "electronize-h5 start /watch",
      "nuke": "rm -rf node_modules wwwroot/lib wwwroot/css",
      "reinstall": "npm run nuke && yarn && npm i"
    },
    "devDependencies": {
      "@tailwindcss/typography": "^0.5.7",
      "autoprefixer": "^10.2.6",
      "cross-env": "^7.0.3",
      "daisyui": "^2.6.0",
      "postcss": "^8.4.18",
      "postcss-cli": "^8.3.1",
      "razorify": "workspace:*",
      "tailwindcss": "^3.0.23"
    },
    "dependencies": {
      "@cubejs-client/core": "^0.31.0",
      "alpinejs": "^3.11.1",
      "animejs": "^3.2.1",
      "axios": "^1.2.4",
      "chart.js": "^4.2.0",
      "htmx.org": "^1.8.5"
    }
  }

yarn manifest: 
  No manifest

Lockfile: 
  No lockfile
