Npgsql.PostgresException (0x80004005): 42601: syntax error at or near "m"

POSITION: 575
   at Npgsql.Internal.NpgsqlConnector.<ReadMessage>g__ReadMessageLong|234_0(NpgsqlConnector connector, Boolean async, DataRowLoadingMode dataRowLoadingMode, Boolean readingNotifications, Boolean isReadingPrependedMessage)
   at Npgsql.NpgsqlDataReader.NextResult(Boolean async, Boolean isConsuming, CancellationToken cancellationToken)
   at Npgsql.NpgsqlDataReader.NextResult(Boolean async, Boolean isConsuming, CancellationToken cancellationToken)
   at Npgsql.NpgsqlDataReader.NextResult()
   at Npgsql.NpgsqlCommand.ExecuteReader(CommandBehavior behavior, Boolean async, CancellationToken cancellationToken)
   at Npgsql.NpgsqlCommand.ExecuteReader(CommandBehavior behavior, Boolean async, CancellationToken cancellationToken)
   at Npgsql.NpgsqlCommand.ExecuteNonQuery(Boolean async, CancellationToken cancellationToken)
   at Npgsql.NpgsqlCommand.ExecuteNonQuery()
   at nugsnet6.Pages.Sandbox.IndexModel.OnPostBulkInsertParts() in /home/nick/Desktop/projects/personal/nugs-net6/Pages/Sandbox/Index.cshtml.cs:line 71
   at nugsnet6.Pages.Sandbox.IndexModel.OnPostBulkInsertParts() in /home/nick/Desktop/projects/personal/nugs-net6/Pages/Sandbox/Index.cshtml.cs:line 72
   at nugsnet6.Pages.Sandbox.IndexModel.OnPostBulkInsertParts() in /home/nick/Desktop/projects/personal/nugs-net6/Pages/Sandbox/Index.cshtml.cs:line 72
  Exception data:
    Severity: ERROR
    SqlState: 42601
    MessageText: syntax error at or near "m"
    Position: 575
    File: scan.l
    Line: 1241
    Routine: scanner_yyerror