Npgsql.PostgresException (0x80004005): 42703: column "kind" of relation "parts" does not exist

POSITION: 26
   at Npgsql.Internal.NpgsqlConnector.<ReadMessage>g__ReadMessageLong|234_0(NpgsqlConnector connector, Boolean async, DataRowLoadingMode dataRowLoadingMode, Boolean readingNotifications, Boolean isReadingPrependedMessage)
   at Npgsql.NpgsqlDataReader.NextResult(Boolean async, Boolean isConsuming, CancellationToken cancellationToken)
   at Npgsql.NpgsqlDataReader.NextResult(Boolean async, Boolean isConsuming, CancellationToken cancellationToken)
   at Npgsql.NpgsqlDataReader.NextResult()
   at Npgsql.NpgsqlCommand.ExecuteReader(CommandBehavior behavior, Boolean async, CancellationToken cancellationToken)
   at Npgsql.NpgsqlCommand.ExecuteReader(CommandBehavior behavior, Boolean async, CancellationToken cancellationToken)
   at Npgsql.NpgsqlCommand.ExecuteNonQuery(Boolean async, CancellationToken cancellationToken)
   at Npgsql.NpgsqlCommand.ExecuteNonQuery()
   at nugsnet6.Pages.Sandbox.IndexModel.OnPostBulkInsertParts() in /home/nick/Desktop/projects/personal/nugs-net6/Pages/Sandbox/Index.cshtml.cs:line 71
   at nugsnet6.Pages.Sandbox.IndexModel.OnPostBulkInsertParts() in /home/nick/Desktop/projects/personal/nugs-net6/Pages/Sandbox/Index.cshtml.cs:line 72
   at nugsnet6.Pages.Sandbox.IndexModel.OnPostBulkInsertParts() in /home/nick/Desktop/projects/personal/nugs-net6/Pages/Sandbox/Index.cshtml.cs:line 72
  Exception data:
    Severity: ERROR
    SqlState: 42703
    MessageText: column "kind" of relation "parts" does not exist
    Position: 26
    File: parse_target.c
    Line: 1052
    Routine: checkInsertTargets
INSERT INTO parts (name, kind, type, notes) VALUES ('80% Arms Billet Lower (Blemished)','','Lower','Reccommended by Pew Pew Tactical as their #6, I believe this one could aircraft grade aluminum.')